2016-10-19 10:04:30,148 [Worker-1] INFO  c.g.t.t.d.PublishedGradleVersions - Gradle version information cache is up-to-date. Trying to read.
2016-10-19 10:05:02,378 [Thread-7] ERROR org.eclipse.jgit.util.FS - xcode-select: note: no developer tools were found at '/Applications/Xcode.app', requesting install. Choose an option in the dialog to download the command line developer tools.

2016-10-19 10:05:02,451 [Thread-8] ERROR org.eclipse.jgit.util.FS - xcode-select: note: no developer tools were found at '/Applications/Xcode.app', requesting install. Choose an option in the dialog to download the command line developer tools.

2016-10-23 15:39:05,985 [Worker-1] INFO  c.g.t.t.d.PublishedGradleVersions - Gradle version information cache is out-of-date. Trying to update.
2016-10-23 15:39:06,936 [Thread-8] ERROR org.eclipse.jgit.util.FS - fatal: Could not switch to '/Library/Developer/CommandLineTools/usr/etc/': No such file or directory

2016-10-26 09:29:22,189 [Worker-0] INFO  c.g.t.t.d.PublishedGradleVersions - Gradle version information cache is out-of-date. Trying to update.
2016-10-26 09:29:23,262 [Thread-9] ERROR org.eclipse.jgit.util.FS - fatal: Could not switch to '/Library/Developer/CommandLineTools/usr/etc/': No such file or directory

2016-11-09 10:18:49,274 [Worker-0] INFO  c.g.t.t.d.PublishedGradleVersions - Gradle version information cache is out-of-date. Trying to update.
2016-11-09 10:18:50,373 [Thread-8] ERROR org.eclipse.jgit.util.FS - fatal: Could not switch to '/Library/Developer/CommandLineTools/usr/etc/': No such file or directory

2016-11-16 09:32:13,720 [Worker-2] INFO  c.g.t.t.d.PublishedGradleVersions - Gradle version information cache is out-of-date. Trying to update.
2016-11-16 09:32:14,609 [Thread-7] ERROR org.eclipse.jgit.util.FS - fatal: Could not switch to '/Library/Developer/CommandLineTools/usr/etc/': No such file or directory

2016-11-21 11:03:42,502 [Worker-3] INFO  c.g.t.t.d.PublishedGradleVersions - Gradle version information cache is out-of-date. Trying to update.
2016-11-21 11:03:43,401 [Thread-10] ERROR org.eclipse.jgit.util.FS - fatal: Could not switch to '/Library/Developer/CommandLineTools/usr/etc/': No such file or directory

2016-11-23 09:32:14,016 [Worker-0] INFO  c.g.t.t.d.PublishedGradleVersions - Gradle version information cache is out-of-date. Trying to update.
2016-11-23 09:32:14,883 [Thread-9] ERROR org.eclipse.jgit.util.FS - fatal: Could not switch to '/Library/Developer/CommandLineTools/usr/etc/': No such file or directory

2016-11-30 09:26:17,144 [Worker-2] INFO  c.g.t.t.d.PublishedGradleVersions - Gradle version information cache is out-of-date. Trying to update.
2016-11-30 09:26:18,458 [Thread-9] ERROR org.eclipse.jgit.util.FS - fatal: Could not switch to '/Library/Developer/CommandLineTools/usr/etc/': No such file or directory

2016-11-30 09:26:29,838 [Worker-2] INFO  c.g.t.t.d.PublishedGradleVersions - Updating Gradle version information cache failed. Using outdated cache.
2016-12-19 11:10:59,967 [Worker-0] INFO  c.g.t.t.d.PublishedGradleVersions - Gradle version information cache is out-of-date. Trying to update.
2016-12-19 11:11:01,017 [Thread-9] ERROR org.eclipse.jgit.util.FS - fatal: Could not switch to '/Library/Developer/CommandLineTools/usr/etc/': No such file or directory

2016-12-21 09:36:56,888 [Worker-2] INFO  c.g.t.t.d.PublishedGradleVersions - Gradle version information cache is out-of-date. Trying to update.
2016-12-21 09:36:59,061 [Thread-9] ERROR org.eclipse.jgit.util.FS - fatal: Could not switch to '/Library/Developer/CommandLineTools/usr/etc/': No such file or directory

2016-12-21 09:37:11,506 [Worker-2] INFO  c.g.t.t.d.PublishedGradleVersions - Updating Gradle version information cache failed. Using outdated cache.
2017-01-11 10:20:55,093 [Worker-2] INFO  c.g.t.t.d.PublishedGradleVersions - Gradle version information cache is out-of-date. Trying to update.
2017-01-11 10:20:56,154 [Thread-9] ERROR org.eclipse.jgit.util.FS - fatal: Could not switch to '/Library/Developer/CommandLineTools/usr/etc/': No such file or directory

2017-01-18 09:43:36,353 [Worker-2] INFO  c.g.t.t.d.PublishedGradleVersions - Gradle version information cache is out-of-date. Trying to update.
2017-01-18 09:43:38,193 [Thread-9] ERROR org.eclipse.jgit.util.FS - fatal: Could not switch to '/Library/Developer/CommandLineTools/usr/etc/': No such file or directory

2017-01-18 10:36:18,590 [Worker-0] INFO  c.g.t.t.d.PublishedGradleVersions - Gradle version information cache is up-to-date. Trying to read.
2017-01-18 10:36:20,338 [Thread-10] ERROR org.eclipse.jgit.util.FS - fatal: Could not switch to '/Library/Developer/CommandLineTools/usr/etc/': No such file or directory

2017-01-23 11:17:42,709 [Worker-1] INFO  c.g.t.t.d.PublishedGradleVersions - Gradle version information cache is out-of-date. Trying to update.
2017-01-23 11:17:43,792 [Thread-9] ERROR org.eclipse.jgit.util.FS - fatal: Could not switch to '/Library/Developer/CommandLineTools/usr/etc/': No such file or directory

2017-01-25 09:32:59,465 [Worker-0] INFO  c.g.t.t.d.PublishedGradleVersions - Gradle version information cache is out-of-date. Trying to update.
2017-01-25 09:33:01,329 [Thread-9] ERROR org.eclipse.jgit.util.FS - fatal: Could not switch to '/Library/Developer/CommandLineTools/usr/etc/': No such file or directory

2017-01-25 10:00:08,214 [Worker-0] INFO  c.g.t.t.d.PublishedGradleVersions - Gradle version information cache is up-to-date. Trying to read.
2017-01-25 10:00:09,719 [Thread-9] ERROR org.eclipse.jgit.util.FS - fatal: Could not switch to '/Library/Developer/CommandLineTools/usr/etc/': No such file or directory

2017-02-01 09:53:46,753 [Worker-1] INFO  c.g.t.t.d.PublishedGradleVersions - Gradle version information cache is out-of-date. Trying to update.
2017-02-01 09:53:48,057 [Thread-10] ERROR org.eclipse.jgit.util.FS - fatal: Could not switch to '/Library/Developer/CommandLineTools/usr/etc/': No such file or directory

2017-02-06 11:08:20,947 [Worker-2] INFO  c.g.t.t.d.PublishedGradleVersions - Gradle version information cache is out-of-date. Trying to update.
2017-02-06 11:08:22,269 [Thread-10] ERROR org.eclipse.jgit.util.FS - fatal: Could not switch to '/Library/Developer/CommandLineTools/usr/etc/': No such file or directory

2017-02-08 09:27:55,085 [Worker-2] INFO  c.g.t.t.d.PublishedGradleVersions - Gradle version information cache is out-of-date. Trying to update.
2017-02-08 09:27:56,401 [Thread-9] ERROR org.eclipse.jgit.util.FS - fatal: Could not switch to '/Library/Developer/CommandLineTools/usr/etc/': No such file or directory

2017-02-08 11:06:47,904 [Worker-3] INFO  c.g.t.t.d.PublishedGradleVersions - Gradle version information cache is up-to-date. Trying to read.
2017-02-08 11:06:49,019 [Thread-9] ERROR org.eclipse.jgit.util.FS - fatal: Could not switch to '/Library/Developer/CommandLineTools/usr/etc/': No such file or directory

2017-02-08 13:17:42,416 [Worker-0] INFO  c.g.t.t.d.PublishedGradleVersions - Gradle version information cache is up-to-date. Trying to read.
2017-02-08 13:17:43,836 [Thread-9] ERROR org.eclipse.jgit.util.FS - fatal: Could not switch to '/Library/Developer/CommandLineTools/usr/etc/': No such file or directory

2017-02-13 11:08:26,865 [Worker-1] INFO  c.g.t.t.d.PublishedGradleVersions - Gradle version information cache is out-of-date. Trying to update.
2017-02-13 11:08:28,235 [Thread-9] ERROR org.eclipse.jgit.util.FS - fatal: Could not switch to '/Library/Developer/CommandLineTools/usr/etc/': No such file or directory

2017-02-13 11:29:26,390 [Worker-3] INFO  c.g.t.t.d.PublishedGradleVersions - Gradle version information cache is up-to-date. Trying to read.
2017-02-13 11:29:27,419 [Thread-9] ERROR org.eclipse.jgit.util.FS - fatal: Could not switch to '/Library/Developer/CommandLineTools/usr/etc/': No such file or directory

2017-02-13 14:03:37,474 [Worker-2] INFO  c.g.t.t.d.PublishedGradleVersions - Gradle version information cache is up-to-date. Trying to read.
2017-02-13 14:03:38,906 [Thread-9] ERROR org.eclipse.jgit.util.FS - fatal: Could not switch to '/Library/Developer/CommandLineTools/usr/etc/': No such file or directory

2017-02-15 09:35:04,522 [Worker-0] INFO  c.g.t.t.d.PublishedGradleVersions - Gradle version information cache is out-of-date. Trying to update.
2017-02-15 09:35:05,897 [Thread-9] ERROR org.eclipse.jgit.util.FS - fatal: Could not switch to '/Library/Developer/CommandLineTools/usr/etc/': No such file or directory

2017-02-15 14:23:44,969 [Worker-3] INFO  c.g.t.t.d.PublishedGradleVersions - Gradle version information cache is up-to-date. Trying to read.
2017-02-15 14:23:46,394 [Thread-9] ERROR org.eclipse.jgit.util.FS - fatal: Could not switch to '/Library/Developer/CommandLineTools/usr/etc/': No such file or directory

2017-02-27 11:10:55,179 [Worker-2] INFO  c.g.t.t.d.PublishedGradleVersions - Gradle version information cache is out-of-date. Trying to update.
2017-02-27 11:10:56,621 [Thread-10] ERROR org.eclipse.jgit.util.FS - fatal: Could not switch to '/Library/Developer/CommandLineTools/usr/etc/': No such file or directory

2017-03-06 11:10:48,956 [Worker-3] INFO  c.g.t.t.d.PublishedGradleVersions - Gradle version information cache is out-of-date. Trying to update.
2017-03-06 11:10:50,333 [Thread-10] ERROR org.eclipse.jgit.util.FS - fatal: Could not switch to '/Library/Developer/CommandLineTools/usr/etc/': No such file or directory

2017-03-08 09:29:15,160 [Worker-2] INFO  c.g.t.t.d.PublishedGradleVersions - Gradle version information cache is out-of-date. Trying to update.
2017-03-08 09:29:16,482 [Thread-9] ERROR org.eclipse.jgit.util.FS - fatal: Could not switch to '/Library/Developer/CommandLineTools/usr/etc/': No such file or directory

2017-03-13 11:44:30,928 [Worker-2] INFO  c.g.t.t.d.PublishedGradleVersions - Gradle version information cache is out-of-date. Trying to update.
2017-03-13 11:44:32,251 [Thread-9] ERROR org.eclipse.jgit.util.FS - fatal: Could not switch to '/Library/Developer/CommandLineTools/usr/etc/': No such file or directory

2017-03-15 09:29:54,068 [Worker-2] INFO  c.g.t.t.d.PublishedGradleVersions - Gradle version information cache is out-of-date. Trying to update.
2017-03-15 09:29:55,456 [Thread-9] ERROR org.eclipse.jgit.util.FS - fatal: Could not switch to '/Library/Developer/CommandLineTools/usr/etc/': No such file or directory

2017-03-15 09:35:21,535 [Worker-2] INFO  c.g.t.t.d.PublishedGradleVersions - Gradle version information cache is up-to-date. Trying to read.
2017-03-15 09:35:22,515 [Thread-9] ERROR org.eclipse.jgit.util.FS - fatal: Could not switch to '/Library/Developer/CommandLineTools/usr/etc/': No such file or directory

2017-03-20 11:12:00,377 [Worker-1] INFO  c.g.t.t.d.PublishedGradleVersions - Gradle version information cache is out-of-date. Trying to update.
2017-03-20 11:12:01,892 [Thread-9] ERROR org.eclipse.jgit.util.FS - fatal: Could not switch to '/Library/Developer/CommandLineTools/usr/etc/': No such file or directory

2017-03-27 11:06:04,450 [Worker-0] INFO  c.g.t.t.d.PublishedGradleVersions - Gradle version information cache is out-of-date. Trying to update.
2017-03-27 11:06:05,766 [Thread-9] ERROR org.eclipse.jgit.util.FS - fatal: Could not switch to '/Library/Developer/CommandLineTools/usr/etc/': No such file or directory

2017-04-05 09:31:18,501 [Worker-1] INFO  c.g.t.t.d.PublishedGradleVersions - Gradle version information cache is out-of-date. Trying to update.
2017-04-05 09:31:20,078 [Thread-9] ERROR org.eclipse.jgit.util.FS - fatal: Could not switch to '/Library/Developer/CommandLineTools/usr/etc/': No such file or directory

2017-04-19 09:50:51,887 [Thread-6] ERROR org.eclipse.jgit.util.FS - fatal: Could not switch to '/Library/Developer/CommandLineTools/usr/etc/': No such file or directory

2017-04-19 09:51:41,407 [Thread-6] ERROR org.eclipse.jgit.util.FS - fatal: Could not switch to '/Library/Developer/CommandLineTools/usr/etc/': No such file or directory

2017-04-19 09:51:50,242 [Worker-2] INFO  c.g.t.t.d.PublishedGradleVersions - Gradle version information cache is out-of-date. Trying to update.
2017-04-19 09:54:46,439 [Worker-3] INFO  c.g.t.t.d.PublishedGradleVersions - Gradle version information cache is up-to-date. Trying to read.
2017-04-19 09:54:47,309 [Thread-7] ERROR org.eclipse.jgit.util.FS - fatal: Could not switch to '/Library/Developer/CommandLineTools/usr/etc/': No such file or directory

2017-04-24 11:19:46,734 [Worker-1] INFO  c.g.t.t.d.PublishedGradleVersions - Gradle version information cache is out-of-date. Trying to update.
2017-04-24 11:19:48,223 [Thread-9] ERROR org.eclipse.jgit.util.FS - fatal: Could not switch to '/Library/Developer/CommandLineTools/usr/etc/': No such file or directory

2017-04-24 11:21:44,052 [Worker-0] INFO  c.g.t.t.d.PublishedGradleVersions - Gradle version information cache is up-to-date. Trying to read.
2017-04-24 11:21:45,289 [Thread-9] ERROR org.eclipse.jgit.util.FS - fatal: Could not switch to '/Library/Developer/CommandLineTools/usr/etc/': No such file or directory

2017-04-26 09:39:48,238 [Worker-1] INFO  c.g.t.t.d.PublishedGradleVersions - Gradle version information cache is out-of-date. Trying to update.
2017-04-26 09:39:49,583 [Thread-9] ERROR org.eclipse.jgit.util.FS - fatal: Could not switch to '/Library/Developer/CommandLineTools/usr/etc/': No such file or directory

2017-05-03 09:35:19,176 [Worker-0] INFO  c.g.t.t.d.PublishedGradleVersions - Gradle version information cache is out-of-date. Trying to update.
2017-05-03 09:35:20,342 [Thread-9] ERROR org.eclipse.jgit.util.FS - fatal: Could not switch to '/Library/Developer/CommandLineTools/usr/etc/': No such file or directory

2017-05-10 09:32:10,849 [Worker-2] INFO  c.g.t.t.d.PublishedGradleVersions - Gradle version information cache is out-of-date. Trying to update.
2017-05-10 09:32:12,138 [Thread-9] ERROR org.eclipse.jgit.util.FS - fatal: Could not switch to '/Library/Developer/CommandLineTools/usr/etc/': No such file or directory

2017-05-10 09:38:38,900 [Worker-2] INFO  c.g.t.t.d.PublishedGradleVersions - Gradle version information cache is up-to-date. Trying to read.
2017-05-10 09:38:40,119 [Thread-10] ERROR org.eclipse.jgit.util.FS - fatal: Could not switch to '/Library/Developer/CommandLineTools/usr/etc/': No such file or directory

